<?xml version="1.0" encoding="UTF-8"?>
<testsuite name="com.example.ActivitiesTest" tests="2" skipped="0" failures="0" errors="0" timestamp="2017-04-05T04:52:39" hostname="trainer18s-MacBook-Pro.local" time="0.329">
  <properties/>
  <testcase name="itSimplifiesActivitiesWithDetails" classname="com.example.ActivitiesTest" time="0.315"/>
  <testcase name="itSimplifiesActivitiesAsCompact" classname="com.example.ActivitiesTest" time="0.013"/>
  <system-out><![CDATA[22:52:26.238 [Test worker] DEBUG org.springframework.test.context.junit4.SpringJUnit4ClassRunner - SpringJUnit4ClassRunner constructor called with [class com.example.ActivitiesTest]
22:52:26.245 [Test worker] DEBUG org.springframework.test.context.BootstrapUtils - Instantiating CacheAwareContextLoaderDelegate from class [org.springframework.test.context.cache.DefaultCacheAwareContextLoaderDelegate]
22:52:26.259 [Test worker] DEBUG org.springframework.test.context.BootstrapUtils - Instantiating BootstrapContext using constructor [public org.springframework.test.context.support.DefaultBootstrapContext(java.lang.Class,org.springframework.test.context.CacheAwareContextLoaderDelegate)]
22:52:26.289 [Test worker] DEBUG org.springframework.test.context.BootstrapUtils - Instantiating TestContextBootstrapper for test class [com.example.ActivitiesTest] from class [org.springframework.boot.test.context.SpringBootTestContextBootstrapper]
22:52:26.305 [Test worker] INFO org.springframework.boot.test.context.SpringBootTestContextBootstrapper - Neither @ContextConfiguration nor @ContextHierarchy found for test class [com.example.ActivitiesTest], using SpringBootContextLoader
22:52:26.310 [Test worker] DEBUG org.springframework.test.context.support.AbstractContextLoader - Did not detect default resource location for test class [com.example.ActivitiesTest]: class path resource [com/example/ActivitiesTest-context.xml] does not exist
22:52:26.311 [Test worker] DEBUG org.springframework.test.context.support.AbstractContextLoader - Did not detect default resource location for test class [com.example.ActivitiesTest]: class path resource [com/example/ActivitiesTestContext.groovy] does not exist
22:52:26.311 [Test worker] INFO org.springframework.test.context.support.AbstractContextLoader - Could not detect default resource locations for test class [com.example.ActivitiesTest]: no resource found for suffixes {-context.xml, Context.groovy}.
22:52:26.312 [Test worker] INFO org.springframework.test.context.support.AnnotationConfigContextLoaderUtils - Could not detect default configuration classes for test class [com.example.ActivitiesTest]: ActivitiesTest does not declare any static, non-private, non-final, nested classes annotated with @Configuration.
22:52:26.357 [Test worker] DEBUG org.springframework.test.context.support.ActiveProfilesUtils - Could not find an 'annotation declaring class' for annotation type [org.springframework.test.context.ActiveProfiles] and class [com.example.ActivitiesTest]
22:52:26.413 [Test worker] DEBUG org.springframework.core.env.StandardEnvironment - Adding [systemProperties] PropertySource with lowest search precedence
22:52:26.413 [Test worker] DEBUG org.springframework.core.env.StandardEnvironment - Adding [systemEnvironment] PropertySource with lowest search precedence
22:52:26.414 [Test worker] DEBUG org.springframework.core.env.StandardEnvironment - Initialized StandardEnvironment with PropertySources [systemProperties,systemEnvironment]
22:52:26.427 [Test worker] DEBUG org.springframework.core.io.support.PathMatchingResourcePatternResolver - Resolved classpath location [com/example/] to resources [URL [file:/Users/trainer18/Documents/git/json-assessment/build/classes/assessment/com/example/], URL [file:/Users/trainer18/Documents/git/json-assessment/build/classes/main/com/example/], URL [file:/Users/trainer18/Documents/git/json-assessment/build/classes/test/com/example/]]
22:52:26.428 [Test worker] DEBUG org.springframework.core.io.support.PathMatchingResourcePatternResolver - Looking for matching resources in directory tree [/Users/trainer18/Documents/git/json-assessment/build/classes/assessment/com/example]
22:52:26.428 [Test worker] DEBUG org.springframework.core.io.support.PathMatchingResourcePatternResolver - Searching directory [/Users/trainer18/Documents/git/json-assessment/build/classes/assessment/com/example] for files matching pattern [/Users/trainer18/Documents/git/json-assessment/build/classes/assessment/com/example/*.class]
22:52:26.431 [Test worker] DEBUG org.springframework.core.io.support.PathMatchingResourcePatternResolver - Looking for matching resources in directory tree [/Users/trainer18/Documents/git/json-assessment/build/classes/main/com/example]
22:52:26.431 [Test worker] DEBUG org.springframework.core.io.support.PathMatchingResourcePatternResolver - Searching directory [/Users/trainer18/Documents/git/json-assessment/build/classes/main/com/example] for files matching pattern [/Users/trainer18/Documents/git/json-assessment/build/classes/main/com/example/*.class]
22:52:26.432 [Test worker] DEBUG org.springframework.core.io.support.PathMatchingResourcePatternResolver - Looking for matching resources in directory tree [/Users/trainer18/Documents/git/json-assessment/build/classes/test/com/example]
22:52:26.432 [Test worker] DEBUG org.springframework.core.io.support.PathMatchingResourcePatternResolver - Searching directory [/Users/trainer18/Documents/git/json-assessment/build/classes/test/com/example] for files matching pattern [/Users/trainer18/Documents/git/json-assessment/build/classes/test/com/example/*.class]
22:52:26.433 [Test worker] DEBUG org.springframework.core.io.support.PathMatchingResourcePatternResolver - Resolved location pattern [classpath*:com/example/*.class] to resources [file [/Users/trainer18/Documents/git/json-assessment/build/classes/assessment/com/example/ActivitiesTest.class], file [/Users/trainer18/Documents/git/json-assessment/build/classes/main/com/example/Application.class], file [/Users/trainer18/Documents/git/json-assessment/build/classes/main/com/example/JSONController.class], file [/Users/trainer18/Documents/git/json-assessment/build/classes/test/com/example/ConversionTest.class], file [/Users/trainer18/Documents/git/json-assessment/build/classes/test/com/example/JSONControllerTest.class]]
22:52:26.493 [Test worker] DEBUG org.springframework.context.annotation.ClassPathScanningCandidateComponentProvider - Identified candidate component class: file [/Users/trainer18/Documents/git/json-assessment/build/classes/main/com/example/Application.class]
22:52:26.528 [Test worker] INFO org.springframework.boot.test.context.SpringBootTestContextBootstrapper - Found @SpringBootConfiguration com.example.Application for test class com.example.ActivitiesTest
22:52:26.530 [Test worker] DEBUG org.springframework.boot.test.context.SpringBootTestContextBootstrapper - @TestExecutionListeners is not present for class [com.example.ActivitiesTest]: using defaults.
22:52:26.534 [Test worker] INFO org.springframework.boot.test.context.SpringBootTestContextBootstrapper - Loaded default TestExecutionListener class names from location [META-INF/spring.factories]: [org.springframework.boot.test.mock.mockito.MockitoTestExecutionListener, org.springframework.boot.test.mock.mockito.ResetMocksTestExecutionListener, org.springframework.boot.test.autoconfigure.restdocs.RestDocsTestExecutionListener, org.springframework.boot.test.autoconfigure.web.client.MockRestServiceServerResetTestExecutionListener, org.springframework.boot.test.autoconfigure.web.servlet.MockMvcPrintOnlyOnFailureTestExecutionListener, org.springframework.boot.test.autoconfigure.web.servlet.WebDriverTestExecutionListener, org.springframework.test.context.web.ServletTestExecutionListener, org.springframework.test.context.support.DirtiesContextBeforeModesTestExecutionListener, org.springframework.test.context.support.DependencyInjectionTestExecutionListener, org.springframework.test.context.support.DirtiesContextTestExecutionListener, org.springframework.test.context.transaction.TransactionalTestExecutionListener, org.springframework.test.context.jdbc.SqlScriptsTestExecutionListener]
22:52:26.546 [Test worker] INFO org.springframework.boot.test.context.SpringBootTestContextBootstrapper - Could not instantiate TestExecutionListener [org.springframework.test.context.jdbc.SqlScriptsTestExecutionListener]. Specify custom listener classes or make the default listener classes (and their required dependencies) available. Offending class: [org/springframework/transaction/interceptor/TransactionAttribute]
22:52:26.550 [Test worker] INFO org.springframework.boot.test.context.SpringBootTestContextBootstrapper - Could not instantiate TestExecutionListener [org.springframework.test.context.transaction.TransactionalTestExecutionListener]. Specify custom listener classes or make the default listener classes (and their required dependencies) available. Offending class: [org/springframework/transaction/interceptor/TransactionAttributeSource]
22:52:26.550 [Test worker] INFO org.springframework.boot.test.context.SpringBootTestContextBootstrapper - Using TestExecutionListeners: [org.springframework.test.context.web.ServletTestExecutionListener@9de1616, org.springframework.test.context.support.DirtiesContextBeforeModesTestExecutionListener@459337b3, org.springframework.boot.test.autoconfigure.SpringBootDependencyInjectionTestExecutionListener@45726df6, org.springframework.test.context.support.DirtiesContextTestExecutionListener@4680d83e, org.springframework.boot.test.mock.mockito.MockitoTestExecutionListener@3f97185e, org.springframework.boot.test.autoconfigure.web.servlet.MockMvcPrintOnlyOnFailureTestExecutionListener@63659eb0, org.springframework.boot.test.autoconfigure.restdocs.RestDocsTestExecutionListener@35ae42f7, org.springframework.boot.test.mock.mockito.ResetMocksTestExecutionListener@75af2d54, org.springframework.boot.test.autoconfigure.web.client.MockRestServiceServerResetTestExecutionListener@727d9e57, org.springframework.boot.test.autoconfigure.web.servlet.WebDriverTestExecutionListener@3d220eb6]
22:52:26.553 [Test worker] DEBUG org.springframework.test.annotation.ProfileValueUtils - Retrieved @ProfileValueSourceConfiguration [null] for test class [com.example.ActivitiesTest]
22:52:26.554 [Test worker] DEBUG org.springframework.test.annotation.ProfileValueUtils - Retrieved ProfileValueSource type [class org.springframework.test.annotation.SystemProfileValueSource] for class [com.example.ActivitiesTest]
22:52:26.555 [Test worker] DEBUG org.springframework.test.annotation.ProfileValueUtils - Retrieved @ProfileValueSourceConfiguration [null] for test class [com.example.ActivitiesTest]
22:52:26.555 [Test worker] DEBUG org.springframework.test.annotation.ProfileValueUtils - Retrieved ProfileValueSource type [class org.springframework.test.annotation.SystemProfileValueSource] for class [com.example.ActivitiesTest]
22:52:26.561 [Test worker] DEBUG org.springframework.test.context.support.AbstractDirtiesContextTestExecutionListener - Before test class: context [DefaultTestContext@1477a3d6 testClass = ActivitiesTest, testInstance = [null], testMethod = [null], testException = [null], mergedContextConfiguration = [WebMergedContextConfiguration@5ed20841 testClass = ActivitiesTest, locations = '{}', classes = '{class com.example.Application}', contextInitializerClasses = '[]', activeProfiles = '{}', propertySourceLocations = '{}', propertySourceProperties = '{org.springframework.boot.test.context.SpringBootTestContextBootstrapper=true, server.port=0}', contextCustomizers = set[org.springframework.boot.test.context.SpringBootTestContextCustomizer@66ab2ad6, org.springframework.boot.test.context.filter.ExcludeFilterContextCustomizer@59f08033, org.springframework.boot.test.mock.mockito.MockitoContextCustomizer@0, org.springframework.boot.test.autoconfigure.properties.PropertyMappingContextCustomizer@0, org.springframework.boot.test.autoconfigure.web.servlet.WebDriverContextCustomizerFactory$Customizer@5d7bbc03], resourceBasePath = 'src/main/webapp', contextLoader = 'org.springframework.boot.test.context.SpringBootContextLoader', parent = [null]]], class annotated with @DirtiesContext [false] with mode [null].
22:52:26.562 [Test worker] DEBUG org.springframework.test.annotation.ProfileValueUtils - Retrieved @ProfileValueSourceConfiguration [null] for test class [com.example.ActivitiesTest]
22:52:26.562 [Test worker] DEBUG org.springframework.test.annotation.ProfileValueUtils - Retrieved ProfileValueSource type [class org.springframework.test.annotation.SystemProfileValueSource] for class [com.example.ActivitiesTest]
22:52:26.563 [Test worker] DEBUG org.springframework.test.context.support.DependencyInjectionTestExecutionListener - Performing dependency injection for test context [[DefaultTestContext@1477a3d6 testClass = ActivitiesTest, testInstance = com.example.ActivitiesTest@786cf64b, testMethod = [null], testException = [null], mergedContextConfiguration = [WebMergedContextConfiguration@5ed20841 testClass = ActivitiesTest, locations = '{}', classes = '{class com.example.Application}', contextInitializerClasses = '[]', activeProfiles = '{}', propertySourceLocations = '{}', propertySourceProperties = '{org.springframework.boot.test.context.SpringBootTestContextBootstrapper=true, server.port=0}', contextCustomizers = set[org.springframework.boot.test.context.SpringBootTestContextCustomizer@66ab2ad6, org.springframework.boot.test.context.filter.ExcludeFilterContextCustomizer@59f08033, org.springframework.boot.test.mock.mockito.MockitoContextCustomizer@0, org.springframework.boot.test.autoconfigure.properties.PropertyMappingContextCustomizer@0, org.springframework.boot.test.autoconfigure.web.servlet.WebDriverContextCustomizerFactory$Customizer@5d7bbc03], resourceBasePath = 'src/main/webapp', contextLoader = 'org.springframework.boot.test.context.SpringBootContextLoader', parent = [null]]]].
22:52:26.594 [Test worker] DEBUG org.springframework.core.env.StandardEnvironment - Adding [systemProperties] PropertySource with lowest search precedence
22:52:26.595 [Test worker] DEBUG org.springframework.core.env.StandardEnvironment - Adding [systemEnvironment] PropertySource with lowest search precedence
22:52:26.595 [Test worker] DEBUG org.springframework.core.env.StandardEnvironment - Initialized StandardEnvironment with PropertySources [systemProperties,systemEnvironment]
22:52:26.596 [Test worker] DEBUG org.springframework.test.context.support.TestPropertySourceUtils - Adding inlined properties to environment: {spring.jmx.enabled=false, org.springframework.boot.test.context.SpringBootTestContextBootstrapper=true, server.port=0}
22:52:26.596 [Test worker] DEBUG org.springframework.core.env.StandardEnvironment - Adding [Inlined Test Properties] PropertySource with highest search precedence

  .   ____          _            __ _ _
 /\\ / ___'_ __ _ _(_)_ __  __ _ \ \ \ \
( ( )\___ | '_ | '_| | '_ \/ _` | \ \ \ \
 \\/  ___)| |_)| | | | | || (_| |  ) ) ) )
  '  |____| .__|_| |_|_| |_\__, | / / / /
 =========|_|==============|___/=/_/_/_/
 :: Spring Boot ::        (v1.4.2.RELEASE)

2017-04-04 22:52:37.163  INFO 3298 --- [    Test worker] com.example.ActivitiesTest               : Starting ActivitiesTest on trainer18s-MacBook-Pro.local with PID 3298 (started by trainer18 in /Users/trainer18/Documents/git/json-assessment)
2017-04-04 22:52:37.164  INFO 3298 --- [    Test worker] com.example.ActivitiesTest               : No active profile set, falling back to default profiles: default
2017-04-04 22:52:37.190  INFO 3298 --- [    Test worker] ationConfigEmbeddedWebApplicationContext : Refreshing org.springframework.boot.context.embedded.AnnotationConfigEmbeddedWebApplicationContext@66a78a8e: startup date [Tue Apr 04 22:52:37 MDT 2017]; root of context hierarchy
2017-04-04 22:52:38.398  INFO 3298 --- [    Test worker] s.b.c.e.t.TomcatEmbeddedServletContainer : Tomcat initialized with port(s): 0 (http)
2017-04-04 22:52:38.413  INFO 3298 --- [    Test worker] o.apache.catalina.core.StandardService   : Starting service Tomcat
2017-04-04 22:52:38.415  INFO 3298 --- [    Test worker] org.apache.catalina.core.StandardEngine  : Starting Servlet Engine: Apache Tomcat/8.5.6
2017-04-04 22:52:38.517  INFO 3298 --- [ost-startStop-1] o.a.c.c.C.[Tomcat].[localhost].[/]       : Initializing Spring embedded WebApplicationContext
2017-04-04 22:52:38.518  INFO 3298 --- [ost-startStop-1] o.s.web.context.ContextLoader            : Root WebApplicationContext: initialization completed in 1331 ms
2017-04-04 22:52:38.667  INFO 3298 --- [ost-startStop-1] o.s.b.w.servlet.ServletRegistrationBean  : Mapping servlet: 'dispatcherServlet' to [/]
2017-04-04 22:52:38.671  INFO 3298 --- [ost-startStop-1] o.s.b.w.servlet.FilterRegistrationBean   : Mapping filter: 'characterEncodingFilter' to: [/*]
2017-04-04 22:52:38.672  INFO 3298 --- [ost-startStop-1] o.s.b.w.servlet.FilterRegistrationBean   : Mapping filter: 'hiddenHttpMethodFilter' to: [/*]
2017-04-04 22:52:38.672  INFO 3298 --- [ost-startStop-1] o.s.b.w.servlet.FilterRegistrationBean   : Mapping filter: 'httpPutFormContentFilter' to: [/*]
2017-04-04 22:52:38.672  INFO 3298 --- [ost-startStop-1] o.s.b.w.servlet.FilterRegistrationBean   : Mapping filter: 'requestContextFilter' to: [/*]
2017-04-04 22:52:38.985  INFO 3298 --- [    Test worker] s.w.s.m.m.a.RequestMappingHandlerAdapter : Looking for @ControllerAdvice: org.springframework.boot.context.embedded.AnnotationConfigEmbeddedWebApplicationContext@66a78a8e: startup date [Tue Apr 04 22:52:37 MDT 2017]; root of context hierarchy
2017-04-04 22:52:39.057  INFO 3298 --- [    Test worker] s.w.s.m.m.a.RequestMappingHandlerMapping : Mapped "{[/activities/simplify],methods=[POST],produces=[application/vnd.galvanize.detailed+json]}" onto public java.util.List<com.example.model.Result> com.example.JSONController.getActivitiesSimplifyDetailed(com.example.model.Activities) throws java.lang.Exception
2017-04-04 22:52:39.058  INFO 3298 --- [    Test worker] s.w.s.m.m.a.RequestMappingHandlerMapping : Mapped "{[/activities/simplify],methods=[POST],produces=[application/vnd.galvanize.compact+json]}" onto public java.util.List<com.example.model.Result> com.example.JSONController.getActivitiesSimplifyCompact(com.example.model.Activities) throws java.lang.Exception
2017-04-04 22:52:39.118  INFO 3298 --- [    Test worker] s.w.s.m.m.a.RequestMappingHandlerMapping : Mapped "{[/error]}" onto public org.springframework.http.ResponseEntity<java.util.Map<java.lang.String, java.lang.Object>> org.springframework.boot.autoconfigure.web.BasicErrorController.error(javax.servlet.http.HttpServletRequest)
2017-04-04 22:52:39.118  INFO 3298 --- [    Test worker] s.w.s.m.m.a.RequestMappingHandlerMapping : Mapped "{[/error],produces=[text/html]}" onto public org.springframework.web.servlet.ModelAndView org.springframework.boot.autoconfigure.web.BasicErrorController.errorHtml(javax.servlet.http.HttpServletRequest,javax.servlet.http.HttpServletResponse)
2017-04-04 22:52:39.146  INFO 3298 --- [    Test worker] o.s.w.s.handler.SimpleUrlHandlerMapping  : Mapped URL path [/webjars/**] onto handler of type [class org.springframework.web.servlet.resource.ResourceHttpRequestHandler]
2017-04-04 22:52:39.146  INFO 3298 --- [    Test worker] o.s.w.s.handler.SimpleUrlHandlerMapping  : Mapped URL path [/**] onto handler of type [class org.springframework.web.servlet.resource.ResourceHttpRequestHandler]
2017-04-04 22:52:39.181  INFO 3298 --- [    Test worker] o.s.w.s.handler.SimpleUrlHandlerMapping  : Mapped URL path [/**/favicon.ico] onto handler of type [class org.springframework.web.servlet.resource.ResourceHttpRequestHandler]
2017-04-04 22:52:39.369  INFO 3298 --- [    Test worker] s.b.c.e.t.TomcatEmbeddedServletContainer : Tomcat started on port(s): 50578 (http)
2017-04-04 22:52:39.374  INFO 3298 --- [    Test worker] com.example.ActivitiesTest               : Started ActivitiesTest in 12.774 seconds (JVM running for 18.969)
2017-04-04 22:52:39.503  INFO 3298 --- [o-auto-1-exec-1] o.a.c.c.C.[Tomcat].[localhost].[/]       : Initializing Spring FrameworkServlet 'dispatcherServlet'
2017-04-04 22:52:39.503  INFO 3298 --- [o-auto-1-exec-1] o.s.web.servlet.DispatcherServlet        : FrameworkServlet 'dispatcherServlet': initialization started
2017-04-04 22:52:39.521  INFO 3298 --- [o-auto-1-exec-1] o.s.web.servlet.DispatcherServlet        : FrameworkServlet 'dispatcherServlet': initialization completed in 18 ms
]]></system-out>
  <system-err><![CDATA[]]></system-err>
</testsuite>
