<?xml version="1.0" encoding="UTF-8"?>
<testsuite name="com.example.JSONControllerTest" tests="2" skipped="0" failures="0" errors="0" timestamp="2017-04-05T04:42:31" hostname="trainer18s-MacBook-Pro.local" time="0.325">
  <properties/>
  <testcase name="testCompactView" classname="com.example.JSONControllerTest" time="0.263"/>
  <testcase name="testDetailedView" classname="com.example.JSONControllerTest" time="0.011"/>
  <system-out><![CDATA[22:42:19.469 [Test worker] DEBUG org.springframework.test.context.junit4.SpringJUnit4ClassRunner - SpringJUnit4ClassRunner constructor called with [class com.example.JSONControllerTest]
22:42:19.476 [Test worker] DEBUG org.springframework.test.context.BootstrapUtils - Instantiating CacheAwareContextLoaderDelegate from class [org.springframework.test.context.cache.DefaultCacheAwareContextLoaderDelegate]
22:42:19.489 [Test worker] DEBUG org.springframework.test.context.BootstrapUtils - Instantiating BootstrapContext using constructor [public org.springframework.test.context.support.DefaultBootstrapContext(java.lang.Class,org.springframework.test.context.CacheAwareContextLoaderDelegate)]
22:42:19.516 [Test worker] DEBUG org.springframework.test.context.BootstrapUtils - Instantiating TestContextBootstrapper for test class [com.example.JSONControllerTest] from class [org.springframework.boot.test.autoconfigure.web.servlet.WebMvcTestContextBootstrapper]
22:42:19.539 [Test worker] INFO org.springframework.boot.test.autoconfigure.web.servlet.WebMvcTestContextBootstrapper - Neither @ContextConfiguration nor @ContextHierarchy found for test class [com.example.JSONControllerTest], using SpringBootContextLoader
22:42:19.545 [Test worker] DEBUG org.springframework.test.context.support.AbstractContextLoader - Did not detect default resource location for test class [com.example.JSONControllerTest]: class path resource [com/example/JSONControllerTest-context.xml] does not exist
22:42:19.546 [Test worker] DEBUG org.springframework.test.context.support.AbstractContextLoader - Did not detect default resource location for test class [com.example.JSONControllerTest]: class path resource [com/example/JSONControllerTestContext.groovy] does not exist
22:42:19.546 [Test worker] INFO org.springframework.test.context.support.AbstractContextLoader - Could not detect default resource locations for test class [com.example.JSONControllerTest]: no resource found for suffixes {-context.xml, Context.groovy}.
22:42:19.547 [Test worker] INFO org.springframework.test.context.support.AnnotationConfigContextLoaderUtils - Could not detect default configuration classes for test class [com.example.JSONControllerTest]: JSONControllerTest does not declare any static, non-private, non-final, nested classes annotated with @Configuration.
22:42:19.603 [Test worker] DEBUG org.springframework.test.context.support.ActiveProfilesUtils - Could not find an 'annotation declaring class' for annotation type [org.springframework.test.context.ActiveProfiles] and class [com.example.JSONControllerTest]
22:42:19.657 [Test worker] DEBUG org.springframework.core.env.StandardEnvironment - Adding [systemProperties] PropertySource with lowest search precedence
22:42:19.657 [Test worker] DEBUG org.springframework.core.env.StandardEnvironment - Adding [systemEnvironment] PropertySource with lowest search precedence
22:42:19.658 [Test worker] DEBUG org.springframework.core.env.StandardEnvironment - Initialized StandardEnvironment with PropertySources [systemProperties,systemEnvironment]
22:42:19.670 [Test worker] DEBUG org.springframework.core.io.support.PathMatchingResourcePatternResolver - Resolved classpath location [com/example/] to resources [URL [file:/Users/trainer18/Documents/git/json-assessment/build/classes/test/com/example/], URL [file:/Users/trainer18/Documents/git/json-assessment/build/classes/main/com/example/]]
22:42:19.670 [Test worker] DEBUG org.springframework.core.io.support.PathMatchingResourcePatternResolver - Looking for matching resources in directory tree [/Users/trainer18/Documents/git/json-assessment/build/classes/test/com/example]
22:42:19.671 [Test worker] DEBUG org.springframework.core.io.support.PathMatchingResourcePatternResolver - Searching directory [/Users/trainer18/Documents/git/json-assessment/build/classes/test/com/example] for files matching pattern [/Users/trainer18/Documents/git/json-assessment/build/classes/test/com/example/*.class]
22:42:19.674 [Test worker] DEBUG org.springframework.core.io.support.PathMatchingResourcePatternResolver - Looking for matching resources in directory tree [/Users/trainer18/Documents/git/json-assessment/build/classes/main/com/example]
22:42:19.675 [Test worker] DEBUG org.springframework.core.io.support.PathMatchingResourcePatternResolver - Searching directory [/Users/trainer18/Documents/git/json-assessment/build/classes/main/com/example] for files matching pattern [/Users/trainer18/Documents/git/json-assessment/build/classes/main/com/example/*.class]
22:42:19.676 [Test worker] DEBUG org.springframework.core.io.support.PathMatchingResourcePatternResolver - Resolved location pattern [classpath*:com/example/*.class] to resources [file [/Users/trainer18/Documents/git/json-assessment/build/classes/test/com/example/ConversionTest.class], file [/Users/trainer18/Documents/git/json-assessment/build/classes/test/com/example/JSONControllerTest.class], file [/Users/trainer18/Documents/git/json-assessment/build/classes/main/com/example/Application.class], file [/Users/trainer18/Documents/git/json-assessment/build/classes/main/com/example/JSONController.class]]
22:42:19.724 [Test worker] DEBUG org.springframework.context.annotation.ClassPathScanningCandidateComponentProvider - Identified candidate component class: file [/Users/trainer18/Documents/git/json-assessment/build/classes/main/com/example/Application.class]
22:42:19.740 [Test worker] INFO org.springframework.boot.test.context.SpringBootTestContextBootstrapper - Found @SpringBootConfiguration com.example.Application for test class com.example.JSONControllerTest
22:42:19.744 [Test worker] DEBUG org.springframework.boot.test.autoconfigure.web.servlet.WebMvcTestContextBootstrapper - @TestExecutionListeners is not present for class [com.example.JSONControllerTest]: using defaults.
22:42:19.749 [Test worker] INFO org.springframework.boot.test.autoconfigure.web.servlet.WebMvcTestContextBootstrapper - Loaded default TestExecutionListener class names from location [META-INF/spring.factories]: [org.springframework.boot.test.mock.mockito.MockitoTestExecutionListener, org.springframework.boot.test.mock.mockito.ResetMocksTestExecutionListener, org.springframework.boot.test.autoconfigure.restdocs.RestDocsTestExecutionListener, org.springframework.boot.test.autoconfigure.web.client.MockRestServiceServerResetTestExecutionListener, org.springframework.boot.test.autoconfigure.web.servlet.MockMvcPrintOnlyOnFailureTestExecutionListener, org.springframework.boot.test.autoconfigure.web.servlet.WebDriverTestExecutionListener, org.springframework.test.context.web.ServletTestExecutionListener, org.springframework.test.context.support.DirtiesContextBeforeModesTestExecutionListener, org.springframework.test.context.support.DependencyInjectionTestExecutionListener, org.springframework.test.context.support.DirtiesContextTestExecutionListener, org.springframework.test.context.transaction.TransactionalTestExecutionListener, org.springframework.test.context.jdbc.SqlScriptsTestExecutionListener]
22:42:19.765 [Test worker] INFO org.springframework.boot.test.autoconfigure.web.servlet.WebMvcTestContextBootstrapper - Could not instantiate TestExecutionListener [org.springframework.test.context.transaction.TransactionalTestExecutionListener]. Specify custom listener classes or make the default listener classes (and their required dependencies) available. Offending class: [org/springframework/transaction/interceptor/TransactionAttributeSource]
22:42:19.769 [Test worker] INFO org.springframework.boot.test.autoconfigure.web.servlet.WebMvcTestContextBootstrapper - Could not instantiate TestExecutionListener [org.springframework.test.context.jdbc.SqlScriptsTestExecutionListener]. Specify custom listener classes or make the default listener classes (and their required dependencies) available. Offending class: [org/springframework/transaction/interceptor/TransactionAttribute]
22:42:19.770 [Test worker] INFO org.springframework.boot.test.autoconfigure.web.servlet.WebMvcTestContextBootstrapper - Using TestExecutionListeners: [org.springframework.test.context.web.ServletTestExecutionListener@1cd0d9d9, org.springframework.test.context.support.DirtiesContextBeforeModesTestExecutionListener@61acaf93, org.springframework.boot.test.autoconfigure.SpringBootDependencyInjectionTestExecutionListener@23962c0e, org.springframework.test.context.support.DirtiesContextTestExecutionListener@1d99fa09, org.springframework.boot.test.mock.mockito.ResetMocksTestExecutionListener@79df672, org.springframework.boot.test.autoconfigure.restdocs.RestDocsTestExecutionListener@3491125, org.springframework.boot.test.autoconfigure.web.servlet.WebDriverTestExecutionListener@112dbb1e, org.springframework.boot.test.autoconfigure.web.client.MockRestServiceServerResetTestExecutionListener@43b65280, org.springframework.boot.test.autoconfigure.web.servlet.MockMvcPrintOnlyOnFailureTestExecutionListener@2b7012e2, org.springframework.boot.test.mock.mockito.MockitoTestExecutionListener@60fbfe90]
22:42:19.773 [Test worker] DEBUG org.springframework.test.annotation.ProfileValueUtils - Retrieved @ProfileValueSourceConfiguration [null] for test class [com.example.JSONControllerTest]
22:42:19.774 [Test worker] DEBUG org.springframework.test.annotation.ProfileValueUtils - Retrieved ProfileValueSource type [class org.springframework.test.annotation.SystemProfileValueSource] for class [com.example.JSONControllerTest]
22:42:19.775 [Test worker] DEBUG org.springframework.test.annotation.ProfileValueUtils - Retrieved @ProfileValueSourceConfiguration [null] for test class [com.example.JSONControllerTest]
22:42:19.775 [Test worker] DEBUG org.springframework.test.annotation.ProfileValueUtils - Retrieved ProfileValueSource type [class org.springframework.test.annotation.SystemProfileValueSource] for class [com.example.JSONControllerTest]
22:42:19.782 [Test worker] DEBUG org.springframework.test.context.support.AbstractDirtiesContextTestExecutionListener - Before test class: context [DefaultTestContext@77e6d8b2 testClass = JSONControllerTest, testInstance = [null], testMethod = [null], testException = [null], mergedContextConfiguration = [WebMergedContextConfiguration@61d8243a testClass = JSONControllerTest, locations = '{}', classes = '{class com.example.Application}', contextInitializerClasses = '[]', activeProfiles = '{}', propertySourceLocations = '{}', propertySourceProperties = '{org.springframework.boot.test.autoconfigure.web.servlet.WebMvcTestContextBootstrapper=true}', contextCustomizers = set[org.springframework.boot.test.context.ImportsContextCustomizer@984550e8, org.springframework.boot.test.context.filter.ExcludeFilterContextCustomizer@642c39b5, org.springframework.boot.test.mock.mockito.MockitoContextCustomizer@0, org.springframework.boot.test.autoconfigure.OverrideAutoConfigurationContextCustomizerFactory$DisableAutoConfigurationContextCustomizer@14c75d39, org.springframework.boot.test.autoconfigure.filter.TypeExcludeFiltersContextCustomizer@1662f17c, org.springframework.boot.test.autoconfigure.properties.PropertyMappingContextCustomizer@e543ffc4, org.springframework.boot.test.autoconfigure.web.servlet.WebDriverContextCustomizerFactory$Customizer@282a3227], resourceBasePath = '', contextLoader = 'org.springframework.boot.test.context.SpringBootContextLoader', parent = [null]]], class annotated with @DirtiesContext [false] with mode [null].
22:42:19.783 [Test worker] DEBUG org.springframework.test.annotation.ProfileValueUtils - Retrieved @ProfileValueSourceConfiguration [null] for test class [com.example.JSONControllerTest]
22:42:19.783 [Test worker] DEBUG org.springframework.test.annotation.ProfileValueUtils - Retrieved ProfileValueSource type [class org.springframework.test.annotation.SystemProfileValueSource] for class [com.example.JSONControllerTest]
22:42:19.785 [Test worker] DEBUG org.springframework.test.context.support.DependencyInjectionTestExecutionListener - Performing dependency injection for test context [[DefaultTestContext@77e6d8b2 testClass = JSONControllerTest, testInstance = com.example.JSONControllerTest@12d98f7, testMethod = [null], testException = [null], mergedContextConfiguration = [WebMergedContextConfiguration@61d8243a testClass = JSONControllerTest, locations = '{}', classes = '{class com.example.Application}', contextInitializerClasses = '[]', activeProfiles = '{}', propertySourceLocations = '{}', propertySourceProperties = '{org.springframework.boot.test.autoconfigure.web.servlet.WebMvcTestContextBootstrapper=true}', contextCustomizers = set[org.springframework.boot.test.context.ImportsContextCustomizer@984550e8, org.springframework.boot.test.context.filter.ExcludeFilterContextCustomizer@642c39b5, org.springframework.boot.test.mock.mockito.MockitoContextCustomizer@0, org.springframework.boot.test.autoconfigure.OverrideAutoConfigurationContextCustomizerFactory$DisableAutoConfigurationContextCustomizer@14c75d39, org.springframework.boot.test.autoconfigure.filter.TypeExcludeFiltersContextCustomizer@1662f17c, org.springframework.boot.test.autoconfigure.properties.PropertyMappingContextCustomizer@e543ffc4, org.springframework.boot.test.autoconfigure.web.servlet.WebDriverContextCustomizerFactory$Customizer@282a3227], resourceBasePath = '', contextLoader = 'org.springframework.boot.test.context.SpringBootContextLoader', parent = [null]]]].
22:42:19.817 [Test worker] DEBUG org.springframework.core.env.StandardEnvironment - Adding [systemProperties] PropertySource with lowest search precedence
22:42:19.817 [Test worker] DEBUG org.springframework.core.env.StandardEnvironment - Adding [systemEnvironment] PropertySource with lowest search precedence
22:42:19.817 [Test worker] DEBUG org.springframework.core.env.StandardEnvironment - Initialized StandardEnvironment with PropertySources [systemProperties,systemEnvironment]
22:42:19.818 [Test worker] DEBUG org.springframework.test.context.support.TestPropertySourceUtils - Adding inlined properties to environment: {spring.jmx.enabled=false, org.springframework.boot.test.autoconfigure.web.servlet.WebMvcTestContextBootstrapper=true, server.port=-1}
22:42:19.819 [Test worker] DEBUG org.springframework.core.env.StandardEnvironment - Adding [Inlined Test Properties] PropertySource with highest search precedence

  .   ____          _            __ _ _
 /\\ / ___'_ __ _ _(_)_ __  __ _ \ \ \ \
( ( )\___ | '_ | '_| | '_ \/ _` | \ \ \ \
 \\/  ___)| |_)| | | | | || (_| |  ) ) ) )
  '  |____| .__|_| |_|_| |_\__, | / / / /
 =========|_|==============|___/=/_/_/_/
 :: Spring Boot ::        (v1.4.2.RELEASE)

2017-04-04 22:42:30.384  INFO 3066 --- [    Test worker] com.example.JSONControllerTest           : Starting JSONControllerTest on trainer18s-MacBook-Pro.local with PID 3066 (started by trainer18 in /Users/trainer18/Documents/git/json-assessment)
2017-04-04 22:42:30.385  INFO 3066 --- [    Test worker] com.example.JSONControllerTest           : No active profile set, falling back to default profiles: default
2017-04-04 22:42:30.407  INFO 3066 --- [    Test worker] o.s.w.c.s.GenericWebApplicationContext   : Refreshing org.springframework.web.context.support.GenericWebApplicationContext@41ad947f: startup date [Tue Apr 04 22:42:30 MDT 2017]; root of context hierarchy
2017-04-04 22:42:31.419  INFO 3066 --- [    Test worker] s.w.s.m.m.a.RequestMappingHandlerAdapter : Looking for @ControllerAdvice: org.springframework.web.context.support.GenericWebApplicationContext@41ad947f: startup date [Tue Apr 04 22:42:30 MDT 2017]; root of context hierarchy
2017-04-04 22:42:31.500  INFO 3066 --- [    Test worker] s.w.s.m.m.a.RequestMappingHandlerMapping : Mapped "{[/activities/simplify],methods=[POST],produces=[application/vnd.galvanize.detailed+json]}" onto public java.util.List<com.example.model.Result> com.example.JSONController.getActivitiesSimplifyDetailed(com.example.model.Activities) throws java.lang.Exception
2017-04-04 22:42:31.502  INFO 3066 --- [    Test worker] s.w.s.m.m.a.RequestMappingHandlerMapping : Mapped "{[/activities/simplify],methods=[POST],produces=[application/vnd.galvanize.compact+json]}" onto public java.util.List<com.example.model.Result> com.example.JSONController.getActivitiesSimplifyCompact(com.example.model.Activities) throws java.lang.Exception
2017-04-04 22:42:31.529  INFO 3066 --- [    Test worker] o.s.w.s.handler.SimpleUrlHandlerMapping  : Mapped URL path [/webjars/**] onto handler of type [class org.springframework.web.servlet.resource.ResourceHttpRequestHandler]
2017-04-04 22:42:31.530  INFO 3066 --- [    Test worker] o.s.w.s.handler.SimpleUrlHandlerMapping  : Mapped URL path [/**] onto handler of type [class org.springframework.web.servlet.resource.ResourceHttpRequestHandler]
2017-04-04 22:42:31.575  INFO 3066 --- [    Test worker] o.s.w.s.handler.SimpleUrlHandlerMapping  : Mapped URL path [/**/favicon.ico] onto handler of type [class org.springframework.web.servlet.resource.ResourceHttpRequestHandler]
2017-04-04 22:42:31.739  INFO 3066 --- [    Test worker] o.s.b.t.m.w.SpringBootMockServletContext : Initializing Spring FrameworkServlet ''
2017-04-04 22:42:31.739  INFO 3066 --- [    Test worker] o.s.t.web.servlet.TestDispatcherServlet  : FrameworkServlet '': initialization started
2017-04-04 22:42:31.751  INFO 3066 --- [    Test worker] o.s.t.web.servlet.TestDispatcherServlet  : FrameworkServlet '': initialization completed in 11 ms
2017-04-04 22:42:31.885  INFO 3066 --- [    Test worker] com.example.JSONControllerTest           : Started JSONControllerTest in 12.05 seconds (JVM running for 18.261)
]]></system-out>
  <system-err><![CDATA[]]></system-err>
</testsuite>
